Drill report for D:/GIThub/LinUSBConverter/pcb/LIN_USB_CONVERTER.kicad_pcb
Created on 19.04.2018 06:34:34

Copper Layer Stackup:
    =============================================================
    L1 :  F.Cu                      front
    L2 :  B.Cu                      back


Drill file 'LIN_USB_CONVERTER-PTH.drl' contains
    plated through holes:
    =============================================================
    T1  0,40mm  0,016"  (13 holes)
    T2  1,00mm  0,039"  (7 holes)  (with 2 slots)
    T3  1,00mm  0,039"  (4 holes)
    T4  1,32mm  0,052"  (3 holes)
    T5  2,00mm  0,079"  (1 hole)

    Total plated holes count 28


Drill file 'LIN_USB_CONVERTER-NPTH.drl' contains
    unplated through holes:
    =============================================================
    T1  1,50mm  0,059"  (2 holes)

    Total unplated holes count 2
